Determining if the pthread_create exist failed with the following output:
Change Dir: /home/mingo/workspace/mingo_server_copy_sylar/build/CMakeFiles/CMakeTmp

Run Build Command(s):/usr/bin/gmake cmTC_a96c2/fast 
/usr/bin/gmake -f CMakeFiles/cmTC_a96c2.dir/build.make CMakeFiles/cmTC_a96c2.dir/build
gmake[1]: Entering directory '/home/mingo/workspace/mingo_server_copy_sylar/build/CMakeFiles/CMakeTmp'
Building C object CMakeFiles/cmTC_a96c2.dir/CheckSymbolExists.c.o
/usr/bin/cc    -o CMakeFiles/cmTC_a96c2.dir/CheckSymbolExists.c.o   -c /home/mingo/workspace/mingo_server_copy_sylar/build/CMakeFiles/CMakeTmp/CheckSymbolExists.c
Linking C executable cmTC_a96c2
/apps/mingo/bin/cmake -E cmake_link_script CMakeFiles/cmTC_a96c2.dir/link.txt --verbose=1
/usr/bin/cc      -rdynamic CMakeFiles/cmTC_a96c2.dir/CheckSymbolExists.c.o  -o cmTC_a96c2 
/usr/bin/ld: CMakeFiles/cmTC_a96c2.dir/CheckSymbolExists.c.o: in function `main':
CheckSymbolExists.c:(.text+0x1f): undefined reference to `pthread_create'
collect2: error: ld returned 1 exit status
gmake[1]: *** [CMakeFiles/cmTC_a96c2.dir/build.make:87: cmTC_a96c2] Error 1
gmake[1]: Leaving directory '/home/mingo/workspace/mingo_server_copy_sylar/build/CMakeFiles/CMakeTmp'
gmake: *** [Makefile:121: cmTC_a96c2/fast] Error 2

File /home/mingo/workspace/mingo_server_copy_sylar/build/CMakeFiles/CMakeTmp/CheckSymbolExists.c:
/* */
#include <pthread.h>

int main(int argc, char** argv)
{
  (void)argv;
#ifndef pthread_create
  return ((int*)(&pthread_create))[argc];
#else
  (void)argc;
  return 0;
#endif
}

Determining if the function pthread_create exists in the pthreads failed with the following output:
Change Dir: /home/mingo/workspace/mingo_server_copy_sylar/build/CMakeFiles/CMakeTmp

Run Build Command(s):/usr/bin/gmake cmTC_206be/fast 
/usr/bin/gmake -f CMakeFiles/cmTC_206be.dir/build.make CMakeFiles/cmTC_206be.dir/build
gmake[1]: Entering directory '/home/mingo/workspace/mingo_server_copy_sylar/build/CMakeFiles/CMakeTmp'
Building C object CMakeFiles/cmTC_206be.dir/CheckFunctionExists.c.o
/usr/bin/cc   -DCHECK_FUNCTION_EXISTS=pthread_create   -o CMakeFiles/cmTC_206be.dir/CheckFunctionExists.c.o   -c /apps/mingo/share/cmake-3.14/Modules/CheckFunctionExists.c
Linking C executable cmTC_206be
/apps/mingo/bin/cmake -E cmake_link_script CMakeFiles/cmTC_206be.dir/link.txt --verbose=1
/usr/bin/cc  -DCHECK_FUNCTION_EXISTS=pthread_create    -rdynamic CMakeFiles/cmTC_206be.dir/CheckFunctionExists.c.o  -o cmTC_206be -lpthreads 
/usr/bin/ld: cannot find -lpthreads
collect2: error: ld returned 1 exit status
gmake[1]: *** [CMakeFiles/cmTC_206be.dir/build.make:87: cmTC_206be] Error 1
gmake[1]: Leaving directory '/home/mingo/workspace/mingo_server_copy_sylar/build/CMakeFiles/CMakeTmp'
gmake: *** [Makefile:121: cmTC_206be/fast] Error 2


